<?xml version="1.0" encoding="UTF-8"?>
<!-- Generated by org.testng.reporters.JUnitXMLReporter -->
<testsuite ignored="5" hostname="LAPTOP-TU130OGJ" failures="0" tests="1" name="Default test" time="2.469" errors="0" timestamp="2026-04-12T00:17:26 EDT">
  <testcase classname="tests.FilterTest" name="resetButtonVisibilityAndBehaviourTest" time="0.456"/>
  <testcase classname="tests.FilterTest" name="minEnrollmentsTest" time="0.0">
    <ignored/>
  </testcase> <!-- minEnrollmentsTest -->
  <testcase classname="tests.FilterTest" name="LevelFilterTest" time="0.0">
    <ignored/>
  </testcase> <!-- LevelFilterTest -->
  <testcase classname="tests.FilterTest" name="LangaugeFilterTest" time="0.0">
    <ignored/>
  </testcase> <!-- LangaugeFilterTest -->
  <testcase classname="tests.FilterTest" name="combinedFilters" time="0.0">
    <ignored/>
  </testcase> <!-- combinedFilters -->
  <testcase classname="tests.FilterTest" name="noResultStateTest" time="0.0">
    <ignored/>
  </testcase> <!-- noResultStateTest -->
</testsuite> <!-- Default test -->
