<?xml version="1.0" encoding="UTF-8"?>
<!-- Generated by org.testng.reporters.JUnitXMLReporter -->
<testsuite ignored="0" hostname="LAPTOP-TU130OGJ" failures="0" tests="8" name="Default test" time="16.232" errors="0" timestamp="2026-04-13T13:46:07 EDT">
  <testcase classname="tests.FilterTest" name="LangaugeFilterTest" time="0.279"/>
  <testcase classname="tests.FilterTest" name="LevelFilterTest" time="0.316"/>
  <testcase classname="tests.FilterTest" name="combinedFilters" time="0.559"/>
  <testcase classname="tests.FilterTest" name="minEnrollmentsTest" time="0.303"/>
  <testcase classname="tests.FilterTest" name="noResultStateTest" time="0.303"/>
  <testcase classname="tests.FilterTest" name="resetButtonVisibilityAndBehaviourTest" time="0.48"/>
  <testcase classname="tests.FilterTest" name="sortByCourseName" time="0.522"/>
  <testcase classname="tests.FilterTest" name="sortByEnrollmentsTest" time="0.325"/>
</testsuite> <!-- Default test -->
