<?xml version="1.0" encoding="UTF-8"?>
<testng-results ignored="5" total="6" passed="1" failed="0" skipped="0">
  <reporter-output>
  </reporter-output>
  <suite started-at="2026-04-12T00:17:24 EDT" name="Default suite" finished-at="2026-04-12T00:17:26 EDT" duration-ms="2469">
    <groups>
    </groups>
    <test started-at="2026-04-12T00:17:24 EDT" name="Default test" finished-at="2026-04-12T00:17:26 EDT" duration-ms="2469">
      <class name="tests.FilterTest">
        <test-method is-config="true" signature="setup()[pri:0, instance:tests.FilterTest@4facf68f]" started-at="2026-04-12T00:17:24 EDT" name="setup" finished-at="2026-04-12T00:17:25 EDT" duration-ms="1862" status="PASS">
          <reporter-output>
          </reporter-output>
        </test-method> <!-- setup -->
        <test-method signature="resetButtonVisibilityAndBehaviourTest()[pri:0, instance:tests.FilterTest@4facf68f]" started-at="2026-04-12T00:17:25 EDT" name="resetButtonVisibilityAndBehaviourTest" finished-at="2026-04-12T00:17:26 EDT" duration-ms="456" status="PASS">
          <reporter-output>
          </reporter-output>
        </test-method> <!-- resetButtonVisibilityAndBehaviourTest -->
        <test-method is-config="true" signature="tearDown()[pri:0, instance:tests.FilterTest@4facf68f]" started-at="2026-04-12T00:17:26 EDT" name="tearDown" finished-at="2026-04-12T00:17:26 EDT" duration-ms="107" status="PASS">
          <reporter-output>
          </reporter-output>
        </test-method> <!-- tearDown -->
      </class> <!-- tests.FilterTest -->
    </test> <!-- Default test -->
  </suite> <!-- Default suite -->
</testng-results>
