<?xml version="1.0" encoding="UTF-8"?>
<!-- Generated by org.testng.reporters.JUnitReportReporter -->
<testsuite hostname="LAPTOP-TU130OGJ" failures="0" tests="8" name="tests.FilterTest" time="15.713" errors="0" timestamp="2026-04-13T15:21:40 EDT" skipped="0">
  <testcase classname="tests.FilterTest" name="levelFilterTest" time="1.760"/>
  <testcase classname="tests.FilterTest" name="resetButtonVisibilityAndBehaviourTest" time="1.873"/>
  <testcase classname="tests.FilterTest" name="sortByCourseNameTest" time="2.692"/>
  <testcase classname="tests.FilterTest" name="sortByEnrollmentTest" time="1.862"/>
  <testcase classname="tests.FilterTest" name="noResultsStateTest" time="1.780"/>
  <testcase classname="tests.FilterTest" name="combinedFiltersTest" time="2.178"/>
  <testcase classname="tests.FilterTest" name="languageFilterTest" time="1.708"/>
  <testcase classname="tests.FilterTest" name="minEnrollmentFilterTest" time="1.860"/>
</testsuite> <!-- tests.FilterTest -->
