<?xml version="1.0" encoding="UTF-8"?>
<!-- Generated by org.testng.reporters.JUnitReportReporter -->
<testsuite hostname="LAPTOP-TU130OGJ" failures="0" tests="8" name="tests.FilterTest" time="17.574" errors="0" timestamp="2026-04-14T19:57:20 EDT" skipped="0">
  <testcase classname="tests.FilterTest" name="combinedFiltersTest" time="2.127"/>
  <testcase classname="tests.FilterTest" name="resetButtonVisibilityAndBehaviourTest" time="1.938"/>
  <testcase classname="tests.FilterTest" name="minEnrollmentFilterTest" time="1.841"/>
  <testcase classname="tests.FilterTest" name="sortByEnrollmentTest" time="1.840"/>
  <testcase classname="tests.FilterTest" name="noResultsStateTest" time="1.757"/>
  <testcase classname="tests.FilterTest" name="levelFilterTest" time="1.828"/>
  <testcase classname="tests.FilterTest" name="languageFilterTest" time="4.139"/>
  <testcase classname="tests.FilterTest" name="sortByCourseNameTest" time="2.104"/>
</testsuite> <!-- tests.FilterTest -->
